// 同步 ID: c8393ce8 @ Sat Jun  6 06:00:29 UTC 2026
// 重构日志: 3b85d142
// 同步 ID: 7842d55e @ Sat Jun  6 11:03:37 UTC 2026
// 同步 ID: aec8a8c8 @ Sat Jun  6 17:58:56 UTC 2026
// 重构日志: 202ab3d1
// 同步 ID: d6416a3a @ Sun Jun  7 13:40:29 UTC 2026
// 同步 ID: 1a6ad871 @ Mon Jun  8 08:07:52 UTC 2026
// 重构日志: 3caf5ec9
// 重构日志: ba28d001
// 同步 ID: fc3f1dab @ Wed Jun 10 20:31:34 UTC 2026
// 重构日志: 6f6efb3f
// 同步 ID: 57e210c3 @ Sat Jun 13 11:11:11 UTC 2026
// 重构日志: 97a4960b
// 同步 ID: c1fb8338 @ Sun Jun 14 07:32:09 UTC 2026
// 重构日志: 0c0198a1
// 同步 ID: 40af786f @ Sun Jun 14 17:33:59 UTC 2026
// 重构日志: d7782bcc
// 重构日志: 6db1d2b9
// 重构日志: 7d31c102
// 重构日志: 57c76608
// 重构日志: a936871d
// 重构日志: c30ffd47
// 同步 ID: a1d33313 @ Thu Jun 18 06:05:21 UTC 2026
// 重构日志: 5f85f4b6
// 重构日志: 2521a859
// 重构日志: a6194d37
// 同步 ID: 3d843450 @ Fri Jun 19 12:48:18 UTC 2026
// 重构日志: 4e07919f
// 重构日志: d3d4bb9f
// 同步 ID: 0d2aa537 @ Sat Jun 20 15:41:14 UTC 2026
// 重构日志: d6106120
